<?xml version="1.0" encoding="UTF-8"?>
<!-- Generated by org.testng.reporters.JUnitReportReporter -->
<testsuite hostname="Mainuddin-PC" failures="0" tests="3" name="com.automationblog.qa.LoginTest.XlsDataProvider" time="41.958" errors="0" timestamp="10 Sep 2022 09:34:28 GMT">
  <testcase classname="com.automationblog.qa.LoginTest.XlsDataProvider" name="dataproviders" time="11.909"/>
  <testcase classname="com.automationblog.qa.LoginTest.XlsDataProvider" name="dataproviders" time="16.923"/>
  <testcase classname="com.automationblog.qa.LoginTest.XlsDataProvider" name="dataproviders" time="13.126"/>
</testsuite> <!-- com.automationblog.qa.LoginTest.XlsDataProvider -->
