<?xml version="1.0" encoding="UTF-8"?>
<!-- Generated by org.testng.reporters.JUnitReportReporter -->
<testsuite hostname="Mainuddin-PC" failures="0" tests="1" name="com.automationblog.qa.LoginTest.FetchList" time="44.054" errors="0" timestamp="2 Oct 2022 17:21:41 GMT">
  <testcase classname="com.automationblog.qa.LoginTest.FetchList" name="fetch" time="44.054"/>
</testsuite> <!-- com.automationblog.qa.LoginTest.FetchList -->
