<?xml version="1.0" encoding="UTF-8"?>
<!-- Generated by org.testng.reporters.JUnitReportReporter -->
<testsuite hostname="Mainuddin-PC" failures="0" tests="1" name="com.automationblog.qa.LoginTest.TestBlogPage" time="23.004" errors="0" timestamp="15 Sep 2022 15:49:26 GMT">
  <testcase classname="com.automationblog.qa.LoginTest.TestBlogPage" name="BlogPageTest" time="23.004"/>
</testsuite> <!-- com.automationblog.qa.LoginTest.TestBlogPage -->
