<?xml version="1.0" encoding="UTF-8"?>
<!-- Generated by org.testng.reporters.JUnitReportReporter -->
<testsuite hostname="Mainuddin-PC" failures="0" tests="3" name="com.automationblog.qa.LoginTest.AnnotationsSet" time="0.035" errors="0" timestamp="24 Sep 2022 02:42:09 GMT">
  <testcase classname="com.automationblog.qa.LoginTest.AnnotationsSet" name="f" time="0.015"/>
  <testcase classname="com.automationblog.qa.LoginTest.AnnotationsSet" name="f" time="0.004"/>
  <testcase classname="com.automationblog.qa.LoginTest.AnnotationsSet" name="Testing" time="0.016"/>
</testsuite> <!-- com.automationblog.qa.LoginTest.AnnotationsSet -->
