<?xml version="1.0" encoding="UTF-8"?>
<!-- Generated by org.testng.reporters.JUnitReportReporter -->
<testsuite hostname="Mainuddin-PC" failures="0" tests="1" name="com.automationblog.qa.LoginTest.TestBlogPage" time="26.310" errors="0" timestamp="26 Aug 2022 06:59:38 GMT">
  <testcase classname="com.automationblog.qa.LoginTest.TestBlogPage" name="BlogPageTest" time="26.310"/>
</testsuite> <!-- com.automationblog.qa.LoginTest.TestBlogPage -->
