<?xml version="1.0" encoding="UTF-8"?>
<!-- Generated by org.testng.reporters.JUnitReportReporter -->
<testsuite hostname="Mainuddin-PC" failures="0" tests="3" name="com.automationblog.qa.LoginTest.MetaGroup" time="0.049" errors="0" timestamp="14 Oct 2022 03:35:11 GMT">
  <testcase classname="com.automationblog.qa.LoginTest.MetaGroup" name="Test11" time="0.042"/>
  <testcase classname="com.automationblog.qa.LoginTest.MetaGroup" name="Test12" time="0.004"/>
  <testcase classname="com.automationblog.qa.LoginTest.MetaGroup" name="Test14" time="0.003"/>
</testsuite> <!-- com.automationblog.qa.LoginTest.MetaGroup -->
