<?xml version="1.0" encoding="UTF-8"?>
<!-- Generated by org.testng.reporters.JUnitReportReporter -->
<testsuite hostname="Mainuddin-PC" failures="0" tests="1" name="com.automationblog.qa.LoginTest.DataPassingTestNG" time="0.033" errors="0" timestamp="25 Sep 2022 05:38:44 GMT">
  <testcase classname="com.automationblog.qa.LoginTest.DataPassingTestNG" name="f" time="0.033"/>
</testsuite> <!-- com.automationblog.qa.LoginTest.DataPassingTestNG -->
