<?xml version="1.0" encoding="UTF-8"?>
<!-- Generated by org.testng.reporters.JUnitReportReporter -->
<testsuite hostname="Mainuddin-PC" failures="0" tests="1" name="com.automationblog.qa.LoginTest.AutoITtest" time="18.202" errors="0" timestamp="14 Sep 2022 08:42:29 GMT">
  <testcase classname="com.automationblog.qa.LoginTest.AutoITtest" name="autoitTest" time="18.202"/>
</testsuite> <!-- com.automationblog.qa.LoginTest.AutoITtest -->
