<?xml version="1.0" encoding="UTF-8"?>
<!-- Generated by org.testng.reporters.JUnitReportReporter -->
<testsuite hostname="Mainuddin-PC" failures="0" tests="2" name="com.automationblog.qa.LoginTest.GroupsTest" time="0.045" errors="0" timestamp="14 Oct 2022 03:35:11 GMT">
  <testcase classname="com.automationblog.qa.LoginTest.GroupsTest" name="test1" time="0.042"/>
  <testcase classname="com.automationblog.qa.LoginTest.GroupsTest" name="test4" time="0.003"/>
</testsuite> <!-- com.automationblog.qa.LoginTest.GroupsTest -->
