<?xml version="1.0" encoding="UTF-8"?>
<!-- Generated by org.testng.reporters.JUnitReportReporter -->
<testsuite hostname="Mainuddin-PC" failures="0" tests="1" name="com.automationblog.qa.LoginTest.XlsDataProvider" time="23.855" errors="0" timestamp="29 Aug 2022 07:28:23 GMT">
  <testcase classname="com.automationblog.qa.LoginTest.XlsDataProvider" name="dataproviders" time="23.855"/>
</testsuite> <!-- com.automationblog.qa.LoginTest.XlsDataProvider -->
