<?xml version="1.0" encoding="UTF-8"?>
<!-- Generated by org.testng.reporters.JUnitReportReporter -->
<testsuite hostname="Mainuddin-PC" failures="0" tests="1" name="com.automationblog.qa.LoginTest.AmazonSystemTest" time="179.300" errors="0" timestamp="17 Oct 2022 04:10:58 GMT">
  <testcase classname="com.automationblog.qa.LoginTest.AmazonSystemTest" name="amazonSystemTest" time="179.300"/>
</testsuite> <!-- com.automationblog.qa.LoginTest.AmazonSystemTest -->
