<?xml version="1.0" encoding="UTF-8"?>
<!-- Generated by org.testng.reporters.JUnitReportReporter -->
<testsuite hostname="Mainuddin-PC" failures="0" tests="1" name="com.automationblog.qa.baseClass.BaseClass" time="21.695" errors="0" timestamp="23 Aug 2022 14:37:02 GMT">
  <testcase classname="com.automationblog.qa.baseClass.BaseClass" name="setup" time="21.695"/>
</testsuite> <!-- com.automationblog.qa.baseClass.BaseClass -->
