<?xml version="1.0" encoding="UTF-8"?>
<!-- Generated by org.testng.reporters.JUnitReportReporter -->
<testsuite hostname="Mainuddin-PC" failures="0" tests="2" name="com.automationblog.qa.LoginTest.NewTest" time="0.031" errors="0" timestamp="22 Sep 2022 08:45:41 GMT">
  <testcase classname="com.automationblog.qa.LoginTest.NewTest" name="test2" time="0.027"/>
  <testcase classname="com.automationblog.qa.LoginTest.NewTest" name="test3" time="0.004"/>
</testsuite> <!-- com.automationblog.qa.LoginTest.NewTest -->
