<?xml version="1.0" encoding="UTF-8"?>
<!-- Generated by org.testng.reporters.JUnitReportReporter -->
<testsuite hostname="Mainuddin-PC" failures="0" tests="1" name="com.automationblog.qa.LoginTest.JsExecutor" time="40.418" errors="0" timestamp="14 Oct 2022 03:46:30 GMT">
  <testcase classname="com.automationblog.qa.LoginTest.JsExecutor" name="jsTest" time="40.418"/>
</testsuite> <!-- com.automationblog.qa.LoginTest.JsExecutor -->
